<?xml version="1.0" encoding="UTF-8"?>
<!-- Generated by org.testng.reporters.JUnitReportReporter -->
<testsuite skipped="0" hostname="Tatianas-MacBook-Air.local" name="com.test.browsers.FireFox" tests="1" failures="0" timestamp="30 Jul 2017 16:36:14 GMT" time="7.529" errors="0">
  <testcase name="FirefoxTest" time="7.529" classname="com.test.browsers.FireFox"/>
</testsuite> <!-- com.test.browsers.FireFox -->
