<?xml version="1.0" encoding="UTF-8"?>
<!-- Generated by org.testng.reporters.JUnitReportReporter -->
<testsuite skipped="0" hostname="Tatianas-MacBook-Air.local" name="com.test.browsers.Chrome" tests="1" failures="0" timestamp="30 Jul 2017 16:37:00 GMT" time="8.106" errors="0">
  <testcase name="ChromeTest" time="8.106" classname="com.test.browsers.Chrome"/>
</testsuite> <!-- com.test.browsers.Chrome -->
