<?xml version="1.0" encoding="UTF-8"?>
<!-- Generated by org.testng.reporters.JUnitReportReporter -->
<testsuite skipped="0" hostname="Tatianas-MacBook-Air.local" name="com.test.browsers.Safari" tests="1" failures="0" timestamp="29 Jul 2017 23:49:58 GMT" time="4.854" errors="0">
  <testcase name="Stest" time="4.854" classname="com.test.browsers.Safari"/>
</testsuite> <!-- com.test.browsers.Safari -->
