<?xml version="1.0" encoding="UTF-8"?>
<!-- Generated by org.testng.reporters.JUnitReportReporter -->
<testsuite skipped="0" hostname="Tatianas-MacBook-Air.local" name="com.test.browsers.Chrome" tests="1" failures="0" timestamp="01 Aug 2017 15:56:03 GMT" time="5.643" errors="0">
  <testcase name="ChromeTest" time="5.643" classname="com.test.browsers.Chrome"/>
</testsuite> <!-- com.test.browsers.Chrome -->
