<?xml version="1.0" encoding="UTF-8"?>
<!-- Generated by org.testng.reporters.JUnitReportReporter -->
<testsuite skipped="0" hostname="Tatianas-MacBook-Air.local" name="com.test.browsers.FireFox" tests="1" failures="0" timestamp="01 Aug 2017 15:56:08 GMT" time="6.849" errors="0">
  <testcase name="FirefoxTest" time="6.849" classname="com.test.browsers.FireFox"/>
</testsuite> <!-- com.test.browsers.FireFox -->
