<?xml version="1.0" encoding="UTF-8"?>
<!-- Generated by org.testng.reporters.JUnitReportReporter -->
<testsuite skipped="0" hostname="Tatianas-MacBook-Air.local" name="com.test.browsers.Safari" tests="1" failures="0" timestamp="01 Aug 2017 15:56:13 GMT" time="5.785" errors="0">
  <testcase name="Stest" time="5.785" classname="com.test.browsers.Safari"/>
</testsuite> <!-- com.test.browsers.Safari -->
